<?xml version="1.0" encoding="UTF-8"?>
<coverage generated="1357142511">
  <project timestamp="1357142511">
    <package name="ZfrRest\Http\Exception">
      <file name="/Users/michael/Sites/ZfrRest/vendor/zfr/zfr-rest/src/ZfrRest/Http/Exception/AbstractHttpException.php">
        <class name="AbstractHttpException" namespace="ZfrRest\Http\Exception">
          <metrics methods="5" coveredmethods="2" conditionals="0" coveredconditionals="0" statements="13" coveredstatements="7" elements="18" coveredelements="9"/>
        </class>
        <line num="47" type="method" name="__construct" crap="3.21" count="1"/>
        <line num="49" type="stmt" count="1"/>
        <line num="50" type="stmt" count="1"/>
        <line num="51" type="stmt" count="1"/>
        <line num="53" type="stmt" count="1"/>
        <line num="54" type="stmt" count="0"/>
        <line num="55" type="stmt" count="0"/>
        <line num="56" type="stmt" count="1"/>
        <line num="64" type="method" name="setStatusCode" crap="1" count="1"/>
        <line num="66" type="stmt" count="1"/>
        <line num="67" type="stmt" count="1"/>
        <line num="75" type="method" name="getStatusCode" crap="2" count="0"/>
        <line num="77" type="stmt" count="0"/>
        <line num="86" type="method" name="setReasonPhrase" crap="2" count="0"/>
        <line num="88" type="stmt" count="0"/>
        <line num="89" type="stmt" count="0"/>
        <line num="97" type="method" name="getReasonPhrase" crap="2" count="0"/>
        <line num="99" type="stmt" count="0"/>
        <line num="102" type="stmt" count="1"/>
        <metrics loc="101" ncloc="47" classes="1" methods="5" coveredmethods="1" conditionals="0" coveredconditionals="0" statements="13" coveredstatements="7" elements="18" coveredelements="8"/>
      </file>
      <file name="/Users/michael/Sites/ZfrRest/vendor/zfr/zfr-rest/src/ZfrRest/Http/Exception/ClientException.php">
        <class name="ClientException" namespace="ZfrRest\Http\Exception">
          <metrics methods="1" coveredmethods="1" conditionals="0" coveredconditionals="0" statements="6" coveredstatements="6" elements="7" coveredelements="7"/>
        </class>
        <line num="42" type="method" name="__construct" crap="3" count="2"/>
        <line num="45" type="stmt" count="2"/>
        <line num="46" type="stmt" count="1"/>
        <line num="47" type="stmt" count="1"/>
        <line num="49" type="stmt" count="1"/>
        <line num="52" type="stmt" count="1"/>
        <line num="53" type="stmt" count="1"/>
        <line num="55" type="stmt" count="1"/>
        <metrics loc="54" ncloc="22" classes="1" methods="1" coveredmethods="1" conditionals="0" coveredconditionals="0" statements="6" coveredstatements="6" elements="7" coveredelements="7"/>
      </file>
      <file name="/Users/michael/Sites/ZfrRest/vendor/zfr/zfr-rest/src/ZfrRest/Http/Exception/ServerException.php">
        <class name="ServerException" namespace="ZfrRest\Http\Exception">
          <metrics methods="1" coveredmethods="1" conditionals="0" coveredconditionals="0" statements="6" coveredstatements="4" elements="7" coveredelements="5"/>
        </class>
        <line num="42" type="method" name="__construct" crap="3.33" count="1"/>
        <line num="45" type="stmt" count="1"/>
        <line num="46" type="stmt" count="1"/>
        <line num="47" type="stmt" count="1"/>
        <line num="49" type="stmt" count="1"/>
        <line num="52" type="stmt" count="0"/>
        <line num="53" type="stmt" count="0"/>
        <line num="55" type="stmt" count="1"/>
        <metrics loc="54" ncloc="22" classes="1" methods="1" coveredmethods="0" conditionals="0" coveredconditionals="0" statements="6" coveredstatements="4" elements="7" coveredelements="4"/>
      </file>
    </package>
    <package name="ZfrRest\Http\Exception\Client">
      <file name="/Users/michael/Sites/ZfrRest/vendor/zfr/zfr-rest/src/ZfrRest/Http/Exception/Client/BadRequestException.php">
        <class name="BadRequestException" namespace="ZfrRest\Http\Exception\Client">
          <metrics methods="1" coveredmethods="0" conditionals="0" coveredconditionals="0" statements="4" coveredstatements="0" elements="5" coveredelements="0"/>
        </class>
        <line num="17" type="stmt" count="0"/>
        <line num="40" type="method" name="__construct" crap="2" count="0"/>
        <line num="41" type="stmt" count="0"/>
        <line num="42" type="stmt" count="0"/>
        <line num="43" type="stmt" count="0"/>
        <metrics loc="44" ncloc="16" classes="1" methods="1" coveredmethods="0" conditionals="0" coveredconditionals="0" statements="5" coveredstatements="0" elements="6" coveredelements="0"/>
      </file>
      <file name="/Users/michael/Sites/ZfrRest/vendor/zfr/zfr-rest/src/ZfrRest/Http/Exception/Client/ForbiddenException.php">
        <class name="ForbiddenException" namespace="ZfrRest\Http\Exception\Client">
          <metrics methods="1" coveredmethods="0" conditionals="0" coveredconditionals="0" statements="4" coveredstatements="0" elements="5" coveredelements="0"/>
        </class>
        <line num="17" type="stmt" count="0"/>
        <line num="40" type="method" name="__construct" crap="2" count="0"/>
        <line num="41" type="stmt" count="0"/>
        <line num="42" type="stmt" count="0"/>
        <line num="43" type="stmt" count="0"/>
        <metrics loc="44" ncloc="16" classes="1" methods="1" coveredmethods="0" conditionals="0" coveredconditionals="0" statements="5" coveredstatements="0" elements="6" coveredelements="0"/>
      </file>
      <file name="/Users/michael/Sites/ZfrRest/vendor/zfr/zfr-rest/src/ZfrRest/Http/Exception/Client/GoneException.php">
        <class name="GoneException" namespace="ZfrRest\Http\Exception\Client">
          <metrics methods="1" coveredmethods="0" conditionals="0" coveredconditionals="0" statements="4" coveredstatements="0" elements="5" coveredelements="0"/>
        </class>
        <line num="17" type="stmt" count="0"/>
        <line num="40" type="method" name="__construct" crap="2" count="0"/>
        <line num="41" type="stmt" count="0"/>
        <line num="42" type="stmt" count="0"/>
        <line num="43" type="stmt" count="0"/>
        <metrics loc="44" ncloc="16" classes="1" methods="1" coveredmethods="0" conditionals="0" coveredconditionals="0" statements="5" coveredstatements="0" elements="6" coveredelements="0"/>
      </file>
      <file name="/Users/michael/Sites/ZfrRest/vendor/zfr/zfr-rest/src/ZfrRest/Http/Exception/Client/MethodNotAllowedException.php">
        <class name="MethodNotAllowedException" namespace="ZfrRest\Http\Exception\Client">
          <metrics methods="1" coveredmethods="0" conditionals="0" coveredconditionals="0" statements="4" coveredstatements="0" elements="5" coveredelements="0"/>
        </class>
        <line num="17" type="stmt" count="0"/>
        <line num="40" type="method" name="__construct" crap="2" count="0"/>
        <line num="41" type="stmt" count="0"/>
        <line num="42" type="stmt" count="0"/>
        <line num="43" type="stmt" count="0"/>
        <metrics loc="44" ncloc="16" classes="1" methods="1" coveredmethods="0" conditionals="0" coveredconditionals="0" statements="5" coveredstatements="0" elements="6" coveredelements="0"/>
      </file>
      <file name="/Users/michael/Sites/ZfrRest/vendor/zfr/zfr-rest/src/ZfrRest/Http/Exception/Client/NotFoundException.php">
        <class name="NotFoundException" namespace="ZfrRest\Http\Exception\Client">
          <metrics methods="1" coveredmethods="0" conditionals="0" coveredconditionals="0" statements="4" coveredstatements="0" elements="5" coveredelements="0"/>
        </class>
        <line num="17" type="stmt" count="0"/>
        <line num="40" type="method" name="__construct" crap="2" count="0"/>
        <line num="41" type="stmt" count="0"/>
        <line num="42" type="stmt" count="0"/>
        <line num="43" type="stmt" count="0"/>
        <metrics loc="44" ncloc="16" classes="1" methods="1" coveredmethods="0" conditionals="0" coveredconditionals="0" statements="5" coveredstatements="0" elements="6" coveredelements="0"/>
      </file>
      <file name="/Users/michael/Sites/ZfrRest/vendor/zfr/zfr-rest/src/ZfrRest/Http/Exception/Client/UnauthorizedException.php">
        <class name="UnauthorizedException" namespace="ZfrRest\Http\Exception\Client">
          <metrics methods="3" coveredmethods="2" conditionals="0" coveredconditionals="0" statements="8" coveredstatements="4" elements="11" coveredelements="6"/>
        </class>
        <line num="46" type="method" name="__construct" crap="2.26" count="1"/>
        <line num="48" type="stmt" count="1"/>
        <line num="49" type="stmt" count="0"/>
        <line num="50" type="stmt" count="0"/>
        <line num="52" type="stmt" count="1"/>
        <line num="53" type="stmt" count="1"/>
        <line num="61" type="method" name="setChallenge" crap="2" count="0"/>
        <line num="63" type="stmt" count="0"/>
        <line num="64" type="stmt" count="0"/>
        <line num="72" type="method" name="getChallenge" crap="1" count="1"/>
        <line num="74" type="stmt" count="1"/>
        <line num="77" type="stmt" count="1"/>
        <metrics loc="76" ncloc="33" classes="1" methods="3" coveredmethods="1" conditionals="0" coveredconditionals="0" statements="8" coveredstatements="4" elements="11" coveredelements="5"/>
      </file>
    </package>
    <package name="ZfrRest\Http\Exception\Server">
      <file name="/Users/michael/Sites/ZfrRest/vendor/zfr/zfr-rest/src/ZfrRest/Http/Exception/Server/InternalServerErrorException.php">
        <class name="InternalServerErrorException" namespace="ZfrRest\Http\Exception\Server">
          <metrics methods="1" coveredmethods="0" conditionals="0" coveredconditionals="0" statements="4" coveredstatements="0" elements="5" coveredelements="0"/>
        </class>
        <line num="17" type="stmt" count="0"/>
        <line num="40" type="method" name="__construct" crap="2" count="0"/>
        <line num="41" type="stmt" count="0"/>
        <line num="42" type="stmt" count="0"/>
        <line num="43" type="stmt" count="0"/>
        <metrics loc="44" ncloc="16" classes="1" methods="1" coveredmethods="0" conditionals="0" coveredconditionals="0" statements="5" coveredstatements="0" elements="6" coveredelements="0"/>
      </file>
      <file name="/Users/michael/Sites/ZfrRest/vendor/zfr/zfr-rest/src/ZfrRest/Http/Exception/Server/NotImplementedException.php">
        <class name="NotImplementedException" namespace="ZfrRest\Http\Exception\Server">
          <metrics methods="1" coveredmethods="0" conditionals="0" coveredconditionals="0" statements="4" coveredstatements="0" elements="5" coveredelements="0"/>
        </class>
        <line num="17" type="stmt" count="0"/>
        <line num="40" type="method" name="__construct" crap="2" count="0"/>
        <line num="41" type="stmt" count="0"/>
        <line num="42" type="stmt" count="0"/>
        <line num="43" type="stmt" count="0"/>
        <metrics loc="44" ncloc="16" classes="1" methods="1" coveredmethods="0" conditionals="0" coveredconditionals="0" statements="5" coveredstatements="0" elements="6" coveredelements="0"/>
      </file>
      <file name="/Users/michael/Sites/ZfrRest/vendor/zfr/zfr-rest/src/ZfrRest/Http/Exception/Server/ServiceUnavailableException.php">
        <class name="ServiceUnavailableException" namespace="ZfrRest\Http\Exception\Server">
          <metrics methods="1" coveredmethods="0" conditionals="0" coveredconditionals="0" statements="4" coveredstatements="0" elements="5" coveredelements="0"/>
        </class>
        <line num="17" type="stmt" count="0"/>
        <line num="40" type="method" name="__construct" crap="2" count="0"/>
        <line num="41" type="stmt" count="0"/>
        <line num="42" type="stmt" count="0"/>
        <line num="43" type="stmt" count="0"/>
        <metrics loc="44" ncloc="16" classes="1" methods="1" coveredmethods="0" conditionals="0" coveredconditionals="0" statements="5" coveredstatements="0" elements="6" coveredelements="0"/>
      </file>
    </package>
    <package name="ZfrRest">
      <file name="/Users/michael/Sites/ZfrRest/vendor/zfr/zfr-rest/src/ZfrRest/Module.php">
        <class name="Module" namespace="ZfrRest">
          <metrics methods="1" coveredmethods="0" conditionals="0" coveredconditionals="0" statements="4" coveredstatements="0" elements="5" coveredelements="0"/>
        </class>
        <line num="37" type="method" name="onBootstrap" crap="2" count="0"/>
        <line num="39" type="stmt" count="0"/>
        <line num="40" type="stmt" count="0"/>
        <line num="43" type="stmt" count="0"/>
        <line num="44" type="stmt" count="0"/>
        <line num="46" type="stmt" count="1"/>
        <metrics loc="45" ncloc="18" classes="1" methods="1" coveredmethods="0" conditionals="0" coveredconditionals="0" statements="4" coveredstatements="0" elements="5" coveredelements="0"/>
      </file>
      <file name="/Users/michael/Sites/ZfrRest/vendor/zfr/zfr-rest/src/ZfrRest/Version.php">
        <class name="Version" namespace="ZfrRest">
          <metrics methods="0" coveredmethods="0" conditionals="0" coveredconditionals="0" statements="0" coveredstatements="0" elements="0" coveredelements="0"/>
        </class>
        <line num="17" type="stmt" count="0"/>
        <metrics loc="29" ncloc="7" classes="1" methods="0" coveredmethods="0" conditionals="0" coveredconditionals="0" statements="1" coveredstatements="0" elements="1" coveredelements="0"/>
      </file>
    </package>
    <package name="ZfrRest\Mvc">
      <file name="/Users/michael/Sites/ZfrRest/vendor/zfr/zfr-rest/src/ZfrRest/Mvc/HttpExceptionListener.php">
        <class name="HttpExceptionListener" namespace="ZfrRest\Mvc">
          <metrics methods="3" coveredmethods="0" conditionals="0" coveredconditionals="0" statements="29" coveredstatements="0" elements="32" coveredelements="0"/>
        </class>
        <line num="17" type="stmt" count="0"/>
        <line num="46" type="method" name="attach" crap="2" count="0"/>
        <line num="47" type="stmt" count="0"/>
        <line num="48" type="stmt" count="0"/>
        <line num="49" type="stmt" count="0"/>
        <line num="54" type="method" name="detach" crap="12" count="0"/>
        <line num="55" type="stmt" count="0"/>
        <line num="56" type="stmt" count="0"/>
        <line num="57" type="stmt" count="0"/>
        <line num="58" type="stmt" count="0"/>
        <line num="59" type="stmt" count="0"/>
        <line num="60" type="stmt" count="0"/>
        <line num="61" type="stmt" count="0"/>
        <line num="70" type="method" name="onDispatchError" crap="20" count="0"/>
        <line num="71" type="stmt" count="0"/>
        <line num="72" type="stmt" count="0"/>
        <line num="73" type="stmt" count="0"/>
        <line num="76" type="stmt" count="0"/>
        <line num="77" type="stmt" count="0"/>
        <line num="78" type="stmt" count="0"/>
        <line num="80" type="stmt" count="0"/>
        <line num="81" type="stmt" count="0"/>
        <line num="83" type="stmt" count="0"/>
        <line num="85" type="stmt" count="0"/>
        <line num="86" type="stmt" count="0"/>
        <line num="87" type="stmt" count="0"/>
        <line num="89" type="stmt" count="0"/>
        <line num="90" type="stmt" count="0"/>
        <line num="92" type="stmt" count="0"/>
        <line num="93" type="stmt" count="0"/>
        <metrics loc="94" ncloc="53" classes="1" methods="3" coveredmethods="0" conditionals="0" coveredconditionals="0" statements="30" coveredstatements="0" elements="33" coveredelements="0"/>
      </file>
    </package>
    <metrics files="15" loc="805" ncloc="330" classes="15" methods="22" coveredmethods="3" conditionals="0" coveredconditionals="0" statements="108" coveredstatements="21" elements="130" coveredelements="24"/>
  </project>
</coverage>
