<?xml version="1.0" encoding="UTF-8"?>
<coverage generated="1358026799">
  <project timestamp="1358026799">
    <package name="ZfrRest\Http\Exception">
      <file name="/Users/michael/Sites/ZfrRest/vendor/zfr/zfr-rest/src/ZfrRest/Http/Exception/AbstractHttpException.php">
        <class name="AbstractHttpException" namespace="ZfrRest\Http\Exception">
          <metrics methods="6" coveredmethods="5" conditionals="0" coveredconditionals="0" statements="16" coveredstatements="12" elements="22" coveredelements="17"/>
        </class>
        <line num="48" type="method" name="__construct" crap="3.21" count="4"/>
        <line num="50" type="stmt" count="4"/>
        <line num="51" type="stmt" count="4"/>
        <line num="52" type="stmt" count="4"/>
        <line num="54" type="stmt" count="4"/>
        <line num="55" type="stmt" count="0"/>
        <line num="56" type="stmt" count="0"/>
        <line num="57" type="stmt" count="4"/>
        <line num="65" type="method" name="setStatusCode" crap="1" count="4"/>
        <line num="67" type="stmt" count="4"/>
        <line num="68" type="stmt" count="4"/>
        <line num="76" type="method" name="getStatusCode" crap="1" count="3"/>
        <line num="78" type="stmt" count="3"/>
        <line num="87" type="method" name="setReasonPhrase" crap="2" count="0"/>
        <line num="89" type="stmt" count="0"/>
        <line num="90" type="stmt" count="0"/>
        <line num="98" type="method" name="getReasonPhrase" crap="1" count="3"/>
        <line num="100" type="stmt" count="3"/>
        <line num="108" type="method" name="prepareResponse" crap="1" count="3"/>
        <line num="110" type="stmt" count="3"/>
        <line num="111" type="stmt" count="3"/>
        <line num="112" type="stmt" count="3"/>
        <line num="114" type="stmt" count="1"/>
        <metrics loc="113" ncloc="54" classes="1" methods="6" coveredmethods="4" conditionals="0" coveredconditionals="0" statements="16" coveredstatements="12" elements="22" coveredelements="16"/>
      </file>
      <file name="/Users/michael/Sites/ZfrRest/vendor/zfr/zfr-rest/src/ZfrRest/Http/Exception/ClientException.php">
        <class name="ClientException" namespace="ZfrRest\Http\Exception">
          <metrics methods="1" coveredmethods="1" conditionals="0" coveredconditionals="0" statements="6" coveredstatements="6" elements="7" coveredelements="7"/>
        </class>
        <line num="42" type="method" name="__construct" crap="3" count="4"/>
        <line num="45" type="stmt" count="4"/>
        <line num="46" type="stmt" count="1"/>
        <line num="47" type="stmt" count="1"/>
        <line num="49" type="stmt" count="1"/>
        <line num="52" type="stmt" count="3"/>
        <line num="53" type="stmt" count="3"/>
        <line num="55" type="stmt" count="1"/>
        <metrics loc="54" ncloc="22" classes="1" methods="1" coveredmethods="1" conditionals="0" coveredconditionals="0" statements="6" coveredstatements="6" elements="7" coveredelements="7"/>
      </file>
      <file name="/Users/michael/Sites/ZfrRest/vendor/zfr/zfr-rest/src/ZfrRest/Http/Exception/ServerException.php">
        <class name="ServerException" namespace="ZfrRest\Http\Exception">
          <metrics methods="1" coveredmethods="1" conditionals="0" coveredconditionals="0" statements="6" coveredstatements="6" elements="7" coveredelements="7"/>
        </class>
        <line num="42" type="method" name="__construct" crap="3" count="2"/>
        <line num="45" type="stmt" count="2"/>
        <line num="46" type="stmt" count="1"/>
        <line num="47" type="stmt" count="1"/>
        <line num="49" type="stmt" count="1"/>
        <line num="52" type="stmt" count="1"/>
        <line num="53" type="stmt" count="1"/>
        <line num="55" type="stmt" count="1"/>
        <metrics loc="54" ncloc="22" classes="1" methods="1" coveredmethods="1" conditionals="0" coveredconditionals="0" statements="6" coveredstatements="6" elements="7" coveredelements="7"/>
      </file>
    </package>
    <package name="ZfrRest\Http\Exception\Client">
      <file name="/Users/michael/Sites/ZfrRest/vendor/zfr/zfr-rest/src/ZfrRest/Http/Exception/Client/BadRequestException.php">
        <class name="BadRequestException" namespace="ZfrRest\Http\Exception\Client">
          <metrics methods="1" coveredmethods="0" conditionals="0" coveredconditionals="0" statements="4" coveredstatements="0" elements="5" coveredelements="0"/>
        </class>
        <line num="17" type="stmt" count="0"/>
        <line num="40" type="method" name="__construct" crap="2" count="0"/>
        <line num="41" type="stmt" count="0"/>
        <line num="42" type="stmt" count="0"/>
        <line num="43" type="stmt" count="0"/>
        <metrics loc="44" ncloc="16" classes="1" methods="1" coveredmethods="0" conditionals="0" coveredconditionals="0" statements="5" coveredstatements="0" elements="6" coveredelements="0"/>
      </file>
      <file name="/Users/michael/Sites/ZfrRest/vendor/zfr/zfr-rest/src/ZfrRest/Http/Exception/Client/ForbiddenException.php">
        <class name="ForbiddenException" namespace="ZfrRest\Http\Exception\Client">
          <metrics methods="1" coveredmethods="0" conditionals="0" coveredconditionals="0" statements="4" coveredstatements="0" elements="5" coveredelements="0"/>
        </class>
        <line num="17" type="stmt" count="0"/>
        <line num="40" type="method" name="__construct" crap="2" count="0"/>
        <line num="41" type="stmt" count="0"/>
        <line num="42" type="stmt" count="0"/>
        <line num="43" type="stmt" count="0"/>
        <metrics loc="44" ncloc="16" classes="1" methods="1" coveredmethods="0" conditionals="0" coveredconditionals="0" statements="5" coveredstatements="0" elements="6" coveredelements="0"/>
      </file>
      <file name="/Users/michael/Sites/ZfrRest/vendor/zfr/zfr-rest/src/ZfrRest/Http/Exception/Client/GoneException.php">
        <class name="GoneException" namespace="ZfrRest\Http\Exception\Client">
          <metrics methods="1" coveredmethods="0" conditionals="0" coveredconditionals="0" statements="4" coveredstatements="0" elements="5" coveredelements="0"/>
        </class>
        <line num="17" type="stmt" count="0"/>
        <line num="40" type="method" name="__construct" crap="2" count="0"/>
        <line num="41" type="stmt" count="0"/>
        <line num="42" type="stmt" count="0"/>
        <line num="43" type="stmt" count="0"/>
        <metrics loc="44" ncloc="16" classes="1" methods="1" coveredmethods="0" conditionals="0" coveredconditionals="0" statements="5" coveredstatements="0" elements="6" coveredelements="0"/>
      </file>
      <file name="/Users/michael/Sites/ZfrRest/vendor/zfr/zfr-rest/src/ZfrRest/Http/Exception/Client/MethodNotAllowedException.php">
        <class name="MethodNotAllowedException" namespace="ZfrRest\Http\Exception\Client">
          <metrics methods="1" coveredmethods="0" conditionals="0" coveredconditionals="0" statements="4" coveredstatements="0" elements="5" coveredelements="0"/>
        </class>
        <line num="17" type="stmt" count="0"/>
        <line num="40" type="method" name="__construct" crap="2" count="0"/>
        <line num="41" type="stmt" count="0"/>
        <line num="42" type="stmt" count="0"/>
        <line num="43" type="stmt" count="0"/>
        <metrics loc="44" ncloc="16" classes="1" methods="1" coveredmethods="0" conditionals="0" coveredconditionals="0" statements="5" coveredstatements="0" elements="6" coveredelements="0"/>
      </file>
      <file name="/Users/michael/Sites/ZfrRest/vendor/zfr/zfr-rest/src/ZfrRest/Http/Exception/Client/NotFoundException.php">
        <class name="NotFoundException" namespace="ZfrRest\Http\Exception\Client">
          <metrics methods="1" coveredmethods="0" conditionals="0" coveredconditionals="0" statements="4" coveredstatements="0" elements="5" coveredelements="0"/>
        </class>
        <line num="17" type="stmt" count="0"/>
        <line num="40" type="method" name="__construct" crap="2" count="0"/>
        <line num="41" type="stmt" count="0"/>
        <line num="42" type="stmt" count="0"/>
        <line num="43" type="stmt" count="0"/>
        <metrics loc="44" ncloc="16" classes="1" methods="1" coveredmethods="0" conditionals="0" coveredconditionals="0" statements="5" coveredstatements="0" elements="6" coveredelements="0"/>
      </file>
      <file name="/Users/michael/Sites/ZfrRest/vendor/zfr/zfr-rest/src/ZfrRest/Http/Exception/Client/UnauthorizedException.php">
        <class name="UnauthorizedException" namespace="ZfrRest\Http\Exception\Client">
          <metrics methods="4" coveredmethods="3" conditionals="0" coveredconditionals="0" statements="14" coveredstatements="10" elements="18" coveredelements="13"/>
        </class>
        <line num="48" type="method" name="__construct" crap="2.26" count="2"/>
        <line num="50" type="stmt" count="2"/>
        <line num="51" type="stmt" count="0"/>
        <line num="52" type="stmt" count="0"/>
        <line num="54" type="stmt" count="2"/>
        <line num="55" type="stmt" count="2"/>
        <line num="63" type="method" name="setChallenge" crap="2" count="0"/>
        <line num="65" type="stmt" count="0"/>
        <line num="66" type="stmt" count="0"/>
        <line num="74" type="method" name="getChallenge" crap="1" count="2"/>
        <line num="76" type="stmt" count="2"/>
        <line num="85" type="method" name="prepareResponse" crap="1" count="1"/>
        <line num="87" type="stmt" count="1"/>
        <line num="89" type="stmt" count="1"/>
        <line num="90" type="stmt" count="1"/>
        <line num="91" type="stmt" count="1"/>
        <line num="93" type="stmt" count="1"/>
        <line num="94" type="stmt" count="1"/>
        <line num="96" type="stmt" count="1"/>
        <metrics loc="95" ncloc="46" classes="1" methods="4" coveredmethods="2" conditionals="0" coveredconditionals="0" statements="14" coveredstatements="10" elements="18" coveredelements="12"/>
      </file>
    </package>
    <package name="ZfrRest\Http\Exception\Server">
      <file name="/Users/michael/Sites/ZfrRest/vendor/zfr/zfr-rest/src/ZfrRest/Http/Exception/Server/InternalServerErrorException.php">
        <class name="InternalServerErrorException" namespace="ZfrRest\Http\Exception\Server">
          <metrics methods="1" coveredmethods="0" conditionals="0" coveredconditionals="0" statements="4" coveredstatements="0" elements="5" coveredelements="0"/>
        </class>
        <line num="17" type="stmt" count="0"/>
        <line num="40" type="method" name="__construct" crap="2" count="0"/>
        <line num="41" type="stmt" count="0"/>
        <line num="42" type="stmt" count="0"/>
        <line num="43" type="stmt" count="0"/>
        <metrics loc="44" ncloc="16" classes="1" methods="1" coveredmethods="0" conditionals="0" coveredconditionals="0" statements="5" coveredstatements="0" elements="6" coveredelements="0"/>
      </file>
      <file name="/Users/michael/Sites/ZfrRest/vendor/zfr/zfr-rest/src/ZfrRest/Http/Exception/Server/NotImplementedException.php">
        <class name="NotImplementedException" namespace="ZfrRest\Http\Exception\Server">
          <metrics methods="1" coveredmethods="0" conditionals="0" coveredconditionals="0" statements="4" coveredstatements="0" elements="5" coveredelements="0"/>
        </class>
        <line num="17" type="stmt" count="0"/>
        <line num="40" type="method" name="__construct" crap="2" count="0"/>
        <line num="41" type="stmt" count="0"/>
        <line num="42" type="stmt" count="0"/>
        <line num="43" type="stmt" count="0"/>
        <metrics loc="44" ncloc="16" classes="1" methods="1" coveredmethods="0" conditionals="0" coveredconditionals="0" statements="5" coveredstatements="0" elements="6" coveredelements="0"/>
      </file>
      <file name="/Users/michael/Sites/ZfrRest/vendor/zfr/zfr-rest/src/ZfrRest/Http/Exception/Server/ServiceUnavailableException.php">
        <class name="ServiceUnavailableException" namespace="ZfrRest\Http\Exception\Server">
          <metrics methods="1" coveredmethods="0" conditionals="0" coveredconditionals="0" statements="4" coveredstatements="0" elements="5" coveredelements="0"/>
        </class>
        <line num="17" type="stmt" count="0"/>
        <line num="40" type="method" name="__construct" crap="2" count="0"/>
        <line num="41" type="stmt" count="0"/>
        <line num="42" type="stmt" count="0"/>
        <line num="43" type="stmt" count="0"/>
        <metrics loc="44" ncloc="16" classes="1" methods="1" coveredmethods="0" conditionals="0" coveredconditionals="0" statements="5" coveredstatements="0" elements="6" coveredelements="0"/>
      </file>
    </package>
    <package name="ZfrRest">
      <file name="/Users/michael/Sites/ZfrRest/vendor/zfr/zfr-rest/src/ZfrRest/Module.php">
        <class name="Module" namespace="ZfrRest">
          <metrics methods="1" coveredmethods="1" conditionals="0" coveredconditionals="0" statements="4" coveredstatements="4" elements="5" coveredelements="5"/>
        </class>
        <line num="36" type="method" name="onBootstrap" crap="1" count="3"/>
        <line num="38" type="stmt" count="3"/>
        <line num="39" type="stmt" count="3"/>
        <line num="42" type="stmt" count="3"/>
        <line num="43" type="stmt" count="3"/>
        <line num="45" type="stmt" count="1"/>
        <metrics loc="44" ncloc="17" classes="1" methods="1" coveredmethods="1" conditionals="0" coveredconditionals="0" statements="4" coveredstatements="4" elements="5" coveredelements="5"/>
      </file>
      <file name="/Users/michael/Sites/ZfrRest/vendor/zfr/zfr-rest/src/ZfrRest/Version.php">
        <class name="Version" namespace="ZfrRest">
          <metrics methods="0" coveredmethods="0" conditionals="0" coveredconditionals="0" statements="0" coveredstatements="0" elements="0" coveredelements="0"/>
        </class>
        <line num="17" type="stmt" count="0"/>
        <metrics loc="29" ncloc="7" classes="1" methods="0" coveredmethods="0" conditionals="0" coveredconditionals="0" statements="1" coveredstatements="0" elements="1" coveredelements="0"/>
      </file>
    </package>
    <package name="ZfrRest\Mvc">
      <file name="/Users/michael/Sites/ZfrRest/vendor/zfr/zfr-rest/src/ZfrRest/Mvc/HttpExceptionListener.php">
        <class name="HttpExceptionListener" namespace="ZfrRest\Mvc">
          <metrics methods="3" coveredmethods="2" conditionals="0" coveredconditionals="0" statements="19" coveredstatements="12" elements="22" coveredelements="14"/>
        </class>
        <line num="0" type="stmt" count="1"/>
        <line num="44" type="method" name="attach" crap="1" count="3"/>
        <line num="46" type="stmt" count="3"/>
        <line num="47" type="stmt" count="3"/>
        <line num="52" type="method" name="detach" crap="12" count="0"/>
        <line num="54" type="stmt" count="0"/>
        <line num="55" type="stmt" count="0"/>
        <line num="56" type="stmt" count="0"/>
        <line num="57" type="stmt" count="0"/>
        <line num="58" type="stmt" count="0"/>
        <line num="59" type="stmt" count="0"/>
        <line num="67" type="method" name="onDispatchError" crap="3.01" count="3"/>
        <line num="70" type="stmt" count="3"/>
        <line num="71" type="stmt" count="3"/>
        <line num="74" type="stmt" count="3"/>
        <line num="75" type="stmt" count="0"/>
        <line num="78" type="stmt" count="3"/>
        <line num="80" type="stmt" count="3"/>
        <line num="82" type="stmt" count="3"/>
        <line num="83" type="stmt" count="3"/>
        <line num="84" type="stmt" count="3"/>
        <line num="85" type="stmt" count="3"/>
        <line num="88" type="stmt" count="3"/>
        <line num="91" type="stmt" count="1"/>
        <metrics loc="90" ncloc="48" classes="1" methods="3" coveredmethods="1" conditionals="0" coveredconditionals="0" statements="19" coveredstatements="12" elements="22" coveredelements="13"/>
      </file>
    </package>
    <metrics files="15" loc="831" ncloc="344" classes="15" methods="24" coveredmethods="10" conditionals="0" coveredconditionals="0" statements="106" coveredstatements="50" elements="130" coveredelements="60"/>
  </project>
</coverage>
